2025-07-27 01:44:40.946 [info] [main] Log level: Info
2025-07-27 01:44:40.946 [info] [main] Validating found git in: "git"
2025-07-27 01:44:40.946 [info] [main] Using git "2.50.1" from "git"
2025-07-27 01:44:40.946 [info] [Model][doInitialScan] Initial repository scan started
2025-07-27 01:44:40.946 [info] > git rev-parse --show-toplevel [18ms]
2025-07-27 01:44:40.946 [info] fatal: not a git repository (or any parent up to mount point /)
Stopping at filesystem boundary (GIT_DISCOVERY_ACROSS_FILESYSTEM not set).
2025-07-27 01:44:40.946 [info] > git rev-parse --show-toplevel [2ms]
2025-07-27 01:44:40.946 [info] fatal: not a git repository (or any parent up to mount point /)
Stopping at filesystem boundary (GIT_DISCOVERY_ACROSS_FILESYSTEM not set).
2025-07-27 01:44:40.946 [info] > git rev-parse --show-toplevel [2ms]
2025-07-27 01:44:40.946 [info] fatal: not a git repository (or any parent up to mount point /)
Stopping at filesystem boundary (GIT_DISCOVERY_ACROSS_FILESYSTEM not set).
2025-07-27 01:44:40.946 [info] > git rev-parse --show-toplevel [2ms]
2025-07-27 01:44:40.946 [info] fatal: not a git repository (or any parent up to mount point /)
Stopping at filesystem boundary (GIT_DISCOVERY_ACROSS_FILESYSTEM not set).
2025-07-27 01:44:40.946 [info] > git rev-parse --show-toplevel [2ms]
2025-07-27 01:44:40.946 [info] fatal: not a git repository (or any parent up to mount point /)
Stopping at filesystem boundary (GIT_DISCOVERY_ACROSS_FILESYSTEM not set).
2025-07-27 01:44:40.946 [info] > git rev-parse --show-toplevel [2ms]
2025-07-27 01:44:40.946 [info] fatal: not a git repository (or any parent up to mount point /)
Stopping at filesystem boundary (GIT_DISCOVERY_ACROSS_FILESYSTEM not set).
2025-07-27 01:44:40.946 [info] > git rev-parse --show-toplevel [1ms]
2025-07-27 01:44:40.946 [info] fatal: not a git repository (or any parent up to mount point /)
Stopping at filesystem boundary (GIT_DISCOVERY_ACROSS_FILESYSTEM not set).
2025-07-27 01:44:40.946 [info] > git rev-parse --show-toplevel [1ms]
2025-07-27 01:44:40.946 [info] fatal: not a git repository (or any parent up to mount point /)
Stopping at filesystem boundary (GIT_DISCOVERY_ACROSS_FILESYSTEM not set).
2025-07-27 01:44:40.946 [info] > git rev-parse --show-toplevel [1ms]
2025-07-27 01:44:40.946 [info] fatal: not a git repository (or any parent up to mount point /)
Stopping at filesystem boundary (GIT_DISCOVERY_ACROSS_FILESYSTEM not set).
2025-07-27 01:44:40.946 [info] > git rev-parse --show-toplevel [1ms]
2025-07-27 01:44:40.946 [info] fatal: not a git repository (or any parent up to mount point /)
Stopping at filesystem boundary (GIT_DISCOVERY_ACROSS_FILESYSTEM not set).
2025-07-27 01:44:40.946 [info] > git rev-parse --show-toplevel [8ms]
2025-07-27 01:44:40.946 [info] fatal: not a git repository (or any parent up to mount point /)
Stopping at filesystem boundary (GIT_DISCOVERY_ACROSS_FILESYSTEM not set).
2025-07-27 01:44:40.946 [info] > git rev-parse --show-toplevel [10ms]
2025-07-27 01:44:40.946 [info] fatal: not a git repository (or any parent up to mount point /)
Stopping at filesystem boundary (GIT_DISCOVERY_ACROSS_FILESYSTEM not set).
2025-07-27 01:44:40.952 [info] > git rev-parse --show-toplevel [2ms]
2025-07-27 01:44:40.952 [info] fatal: not a git repository (or any parent up to mount point /)
Stopping at filesystem boundary (GIT_DISCOVERY_ACROSS_FILESYSTEM not set).
2025-07-27 01:44:40.959 [info] > git rev-parse --show-toplevel [2ms]
2025-07-27 01:44:40.959 [info] fatal: not a git repository (or any parent up to mount point /)
Stopping at filesystem boundary (GIT_DISCOVERY_ACROSS_FILESYSTEM not set).
2025-07-27 01:44:40.966 [info] > git rev-parse --show-toplevel [3ms]
2025-07-27 01:44:40.966 [info] fatal: not a git repository (or any parent up to mount point /)
Stopping at filesystem boundary (GIT_DISCOVERY_ACROSS_FILESYSTEM not set).
2025-07-27 01:44:41.014 [info] > git rev-parse --show-toplevel [7ms]
2025-07-27 01:44:41.014 [info] fatal: not a git repository (or any parent up to mount point /)
Stopping at filesystem boundary (GIT_DISCOVERY_ACROSS_FILESYSTEM not set).
2025-07-27 01:44:41.022 [info] > git rev-parse --show-toplevel [1ms]
2025-07-27 01:44:41.022 [info] fatal: not a git repository (or any parent up to mount point /)
Stopping at filesystem boundary (GIT_DISCOVERY_ACROSS_FILESYSTEM not set).
2025-07-27 01:44:41.028 [info] > git rev-parse --show-toplevel [1ms]
2025-07-27 01:44:41.028 [info] fatal: not a git repository (or any parent up to mount point /)
Stopping at filesystem boundary (GIT_DISCOVERY_ACROSS_FILESYSTEM not set).
2025-07-27 01:44:41.035 [info] > git rev-parse --show-toplevel [2ms]
2025-07-27 01:44:41.035 [info] fatal: not a git repository (or any parent up to mount point /)
Stopping at filesystem boundary (GIT_DISCOVERY_ACROSS_FILESYSTEM not set).
2025-07-27 01:44:41.035 [info] [Model][doInitialScan] Initial repository scan completed - repositories (0), closed repositories (0), parent repositories (0), unsafe repositories (0)
2025-07-27 01:44:41.078 [info] > git rev-parse --show-toplevel [2ms]
2025-07-27 01:44:41.078 [info] fatal: not a git repository (or any parent up to mount point /)
Stopping at filesystem boundary (GIT_DISCOVERY_ACROSS_FILESYSTEM not set).
2025-07-27 01:44:42.179 [info] > git rev-parse --show-toplevel [2ms]
2025-07-27 01:44:42.179 [info] fatal: not a git repository (or any parent up to mount point /)
Stopping at filesystem boundary (GIT_DISCOVERY_ACROSS_FILESYSTEM not set).
