2025-07-27 01:50:20.341 [info] [main] Log level: Info
2025-07-27 01:50:20.341 [info] [main] Validating found git in: "git"
2025-07-27 01:50:20.341 [info] [main] Using git "2.50.1" from "git"
2025-07-27 01:50:20.341 [info] [Model][doInitialScan] Initial repository scan started
2025-07-27 01:50:20.341 [info] > git rev-parse --show-toplevel [11ms]
2025-07-27 01:50:20.341 [info] fatal: not a git repository (or any parent up to mount point /)
Stopping at filesystem boundary (GIT_DISCOVERY_ACROSS_FILESYSTEM not set).
2025-07-27 01:50:20.341 [info] > git rev-parse --show-toplevel [4ms]
2025-07-27 01:50:20.341 [info] fatal: not a git repository (or any parent up to mount point /)
Stopping at filesystem boundary (GIT_DISCOVERY_ACROSS_FILESYSTEM not set).
2025-07-27 01:50:20.341 [info] > git rev-parse --show-toplevel [1ms]
2025-07-27 01:50:20.341 [info] fatal: not a git repository (or any parent up to mount point /)
Stopping at filesystem boundary (GIT_DISCOVERY_ACROSS_FILESYSTEM not set).
2025-07-27 01:50:20.402 [info] > git rev-parse --show-toplevel [42ms]
2025-07-27 01:50:20.402 [info] fatal: not a git repository (or any parent up to mount point /)
Stopping at filesystem boundary (GIT_DISCOVERY_ACROSS_FILESYSTEM not set).
2025-07-27 01:50:20.416 [info] > git rev-parse --show-toplevel [1ms]
2025-07-27 01:50:20.416 [info] fatal: not a git repository (or any parent up to mount point /)
Stopping at filesystem boundary (GIT_DISCOVERY_ACROSS_FILESYSTEM not set).
2025-07-27 01:50:20.422 [info] > git rev-parse --show-toplevel [2ms]
2025-07-27 01:50:20.422 [info] fatal: not a git repository (or any parent up to mount point /)
Stopping at filesystem boundary (GIT_DISCOVERY_ACROSS_FILESYSTEM not set).
2025-07-27 01:50:20.428 [info] > git rev-parse --show-toplevel [2ms]
2025-07-27 01:50:20.428 [info] fatal: not a git repository (or any parent up to mount point /)
Stopping at filesystem boundary (GIT_DISCOVERY_ACROSS_FILESYSTEM not set).
2025-07-27 01:50:20.433 [info] > git rev-parse --show-toplevel [1ms]
2025-07-27 01:50:20.433 [info] fatal: not a git repository (or any parent up to mount point /)
Stopping at filesystem boundary (GIT_DISCOVERY_ACROSS_FILESYSTEM not set).
2025-07-27 01:50:20.439 [info] > git rev-parse --show-toplevel [1ms]
2025-07-27 01:50:20.439 [info] fatal: not a git repository (or any parent up to mount point /)
Stopping at filesystem boundary (GIT_DISCOVERY_ACROSS_FILESYSTEM not set).
2025-07-27 01:50:20.445 [info] > git rev-parse --show-toplevel [1ms]
2025-07-27 01:50:20.445 [info] fatal: not a git repository (or any parent up to mount point /)
Stopping at filesystem boundary (GIT_DISCOVERY_ACROSS_FILESYSTEM not set).
2025-07-27 01:50:20.452 [info] > git rev-parse --show-toplevel [2ms]
2025-07-27 01:50:20.452 [info] fatal: not a git repository (or any parent up to mount point /)
Stopping at filesystem boundary (GIT_DISCOVERY_ACROSS_FILESYSTEM not set).
2025-07-27 01:50:20.457 [info] > git rev-parse --show-toplevel [1ms]
2025-07-27 01:50:20.457 [info] fatal: not a git repository (or any parent up to mount point /)
Stopping at filesystem boundary (GIT_DISCOVERY_ACROSS_FILESYSTEM not set).
2025-07-27 01:50:20.464 [info] > git rev-parse --show-toplevel [1ms]
2025-07-27 01:50:20.464 [info] fatal: not a git repository (or any parent up to mount point /)
Stopping at filesystem boundary (GIT_DISCOVERY_ACROSS_FILESYSTEM not set).
2025-07-27 01:50:20.469 [info] > git rev-parse --show-toplevel [1ms]
2025-07-27 01:50:20.469 [info] fatal: not a git repository (or any parent up to mount point /)
Stopping at filesystem boundary (GIT_DISCOVERY_ACROSS_FILESYSTEM not set).
2025-07-27 01:50:20.475 [info] > git rev-parse --show-toplevel [1ms]
2025-07-27 01:50:20.475 [info] fatal: not a git repository (or any parent up to mount point /)
Stopping at filesystem boundary (GIT_DISCOVERY_ACROSS_FILESYSTEM not set).
2025-07-27 01:50:20.480 [info] > git rev-parse --show-toplevel [1ms]
2025-07-27 01:50:20.480 [info] fatal: not a git repository (or any parent up to mount point /)
Stopping at filesystem boundary (GIT_DISCOVERY_ACROSS_FILESYSTEM not set).
2025-07-27 01:50:20.486 [info] > git rev-parse --show-toplevel [1ms]
2025-07-27 01:50:20.486 [info] fatal: not a git repository (or any parent up to mount point /)
Stopping at filesystem boundary (GIT_DISCOVERY_ACROSS_FILESYSTEM not set).
2025-07-27 01:50:20.492 [info] > git rev-parse --show-toplevel [2ms]
2025-07-27 01:50:20.492 [info] fatal: not a git repository (or any parent up to mount point /)
Stopping at filesystem boundary (GIT_DISCOVERY_ACROSS_FILESYSTEM not set).
2025-07-27 01:50:20.493 [info] [Model][doInitialScan] Initial repository scan completed - repositories (0), closed repositories (0), parent repositories (0), unsafe repositories (0)
2025-07-27 01:50:20.509 [info] > git rev-parse --show-toplevel [2ms]
2025-07-27 01:50:20.509 [info] fatal: not a git repository (or any parent up to mount point /)
Stopping at filesystem boundary (GIT_DISCOVERY_ACROSS_FILESYSTEM not set).
2025-07-27 01:50:21.519 [info] > git rev-parse --show-toplevel [2ms]
2025-07-27 01:50:21.519 [info] fatal: not a git repository (or any parent up to mount point /)
Stopping at filesystem boundary (GIT_DISCOVERY_ACROSS_FILESYSTEM not set).
2025-07-27 01:50:27.874 [info] > git rev-parse --show-toplevel [1ms]
2025-07-27 01:50:27.875 [info] fatal: not a git repository (or any parent up to mount point /)
Stopping at filesystem boundary (GIT_DISCOVERY_ACROSS_FILESYSTEM not set).
2025-07-27 01:51:07.167 [info] > git rev-parse --show-toplevel [1ms]
2025-07-27 01:51:07.167 [info] fatal: not a git repository (or any parent up to mount point /)
Stopping at filesystem boundary (GIT_DISCOVERY_ACROSS_FILESYSTEM not set).
2025-07-27 01:51:16.739 [info] > git rev-parse --show-toplevel [2ms]
2025-07-27 01:51:16.739 [info] fatal: not a git repository (or any parent up to mount point /)
Stopping at filesystem boundary (GIT_DISCOVERY_ACROSS_FILESYSTEM not set).
2025-07-27 01:55:52.293 [info] > git rev-parse --show-toplevel [2ms]
2025-07-27 01:55:52.294 [info] fatal: not a git repository (or any parent up to mount point /)
Stopping at filesystem boundary (GIT_DISCOVERY_ACROSS_FILESYSTEM not set).
2025-07-27 01:55:58.405 [info] > git rev-parse --show-toplevel [3ms]
2025-07-27 01:55:58.405 [info] fatal: not a git repository (or any parent up to mount point /)
Stopping at filesystem boundary (GIT_DISCOVERY_ACROSS_FILESYSTEM not set).
