2025-07-27 12:09:18.372 [info] [main] Log level: Info
2025-07-27 12:09:18.372 [info] [main] Validating found git in: "git"
2025-07-27 12:09:18.372 [info] [main] Using git "2.50.1" from "git"
2025-07-27 12:09:18.372 [info] [Model][doInitialScan] Initial repository scan started
2025-07-27 12:09:18.372 [info] > git rev-parse --show-toplevel [17ms]
2025-07-27 12:09:18.372 [info] fatal: not a git repository (or any parent up to mount point /)
Stopping at filesystem boundary (GIT_DISCOVERY_ACROSS_FILESYSTEM not set).
2025-07-27 12:09:18.372 [info] > git rev-parse --show-toplevel [5ms]
2025-07-27 12:09:18.372 [info] fatal: not a git repository (or any parent up to mount point /)
Stopping at filesystem boundary (GIT_DISCOVERY_ACROSS_FILESYSTEM not set).
2025-07-27 12:09:18.372 [info] > git rev-parse --show-toplevel [1ms]
2025-07-27 12:09:18.372 [info] fatal: not a git repository (or any parent up to mount point /)
Stopping at filesystem boundary (GIT_DISCOVERY_ACROSS_FILESYSTEM not set).
2025-07-27 12:09:18.372 [info] > git rev-parse --show-toplevel [1ms]
2025-07-27 12:09:18.372 [info] fatal: not a git repository (or any parent up to mount point /)
Stopping at filesystem boundary (GIT_DISCOVERY_ACROSS_FILESYSTEM not set).
2025-07-27 12:09:18.372 [info] > git rev-parse --show-toplevel [2ms]
2025-07-27 12:09:18.372 [info] fatal: not a git repository (or any parent up to mount point /)
Stopping at filesystem boundary (GIT_DISCOVERY_ACROSS_FILESYSTEM not set).
2025-07-27 12:09:18.372 [info] > git rev-parse --show-toplevel [1ms]
2025-07-27 12:09:18.372 [info] fatal: not a git repository (or any parent up to mount point /)
Stopping at filesystem boundary (GIT_DISCOVERY_ACROSS_FILESYSTEM not set).
2025-07-27 12:09:18.372 [info] > git rev-parse --show-toplevel [2ms]
2025-07-27 12:09:18.372 [info] fatal: not a git repository (or any parent up to mount point /)
Stopping at filesystem boundary (GIT_DISCOVERY_ACROSS_FILESYSTEM not set).
2025-07-27 12:09:18.373 [info] > git rev-parse --show-toplevel [2ms]
2025-07-27 12:09:18.373 [info] fatal: not a git repository (or any parent up to mount point /)
Stopping at filesystem boundary (GIT_DISCOVERY_ACROSS_FILESYSTEM not set).
2025-07-27 12:09:18.373 [info] > git rev-parse --show-toplevel [1ms]
2025-07-27 12:09:18.373 [info] fatal: not a git repository (or any parent up to mount point /)
Stopping at filesystem boundary (GIT_DISCOVERY_ACROSS_FILESYSTEM not set).
2025-07-27 12:09:18.373 [info] > git rev-parse --show-toplevel [8ms]
2025-07-27 12:09:18.373 [info] fatal: not a git repository (or any parent up to mount point /)
Stopping at filesystem boundary (GIT_DISCOVERY_ACROSS_FILESYSTEM not set).
2025-07-27 12:09:18.373 [info] > git rev-parse --show-toplevel [1ms]
2025-07-27 12:09:18.373 [info] fatal: not a git repository (or any parent up to mount point /)
Stopping at filesystem boundary (GIT_DISCOVERY_ACROSS_FILESYSTEM not set).
2025-07-27 12:09:18.373 [info] > git rev-parse --show-toplevel [1ms]
2025-07-27 12:09:18.373 [info] fatal: not a git repository (or any parent up to mount point /)
Stopping at filesystem boundary (GIT_DISCOVERY_ACROSS_FILESYSTEM not set).
2025-07-27 12:09:18.373 [info] > git rev-parse --show-toplevel [1ms]
2025-07-27 12:09:18.373 [info] fatal: not a git repository (or any parent up to mount point /)
Stopping at filesystem boundary (GIT_DISCOVERY_ACROSS_FILESYSTEM not set).
2025-07-27 12:09:18.373 [info] > git rev-parse --show-toplevel [1ms]
2025-07-27 12:09:18.373 [info] fatal: not a git repository (or any parent up to mount point /)
Stopping at filesystem boundary (GIT_DISCOVERY_ACROSS_FILESYSTEM not set).
2025-07-27 12:09:18.373 [info] > git rev-parse --show-toplevel [1ms]
2025-07-27 12:09:18.373 [info] fatal: not a git repository (or any parent up to mount point /)
Stopping at filesystem boundary (GIT_DISCOVERY_ACROSS_FILESYSTEM not set).
2025-07-27 12:09:18.373 [info] > git rev-parse --show-toplevel [1ms]
2025-07-27 12:09:18.373 [info] fatal: not a git repository (or any parent up to mount point /)
Stopping at filesystem boundary (GIT_DISCOVERY_ACROSS_FILESYSTEM not set).
2025-07-27 12:09:18.373 [info] > git rev-parse --show-toplevel [1ms]
2025-07-27 12:09:18.373 [info] fatal: not a git repository (or any parent up to mount point /)
Stopping at filesystem boundary (GIT_DISCOVERY_ACROSS_FILESYSTEM not set).
2025-07-27 12:09:18.373 [info] > git rev-parse --show-toplevel [1ms]
2025-07-27 12:09:18.373 [info] fatal: not a git repository (or any parent up to mount point /)
Stopping at filesystem boundary (GIT_DISCOVERY_ACROSS_FILESYSTEM not set).
2025-07-27 12:09:18.373 [info] > git rev-parse --show-toplevel [1ms]
2025-07-27 12:09:18.373 [info] fatal: not a git repository (or any parent up to mount point /)
Stopping at filesystem boundary (GIT_DISCOVERY_ACROSS_FILESYSTEM not set).
2025-07-27 12:09:18.373 [info] [Model][doInitialScan] Initial repository scan completed - repositories (0), closed repositories (0), parent repositories (0), unsafe repositories (0)
2025-07-27 12:09:18.434 [info] > git rev-parse --show-toplevel [39ms]
2025-07-27 12:09:18.434 [info] fatal: not a git repository (or any parent up to mount point /)
Stopping at filesystem boundary (GIT_DISCOVERY_ACROSS_FILESYSTEM not set).
2025-07-27 12:09:19.669 [info] > git rev-parse --show-toplevel [3ms]
2025-07-27 12:09:19.669 [info] fatal: not a git repository (or any parent up to mount point /)
Stopping at filesystem boundary (GIT_DISCOVERY_ACROSS_FILESYSTEM not set).
