2025-07-27 01:40:32.186 [info] [main] Log level: Info
2025-07-27 01:40:32.186 [info] [main] Validating found git in: "git"
2025-07-27 01:40:32.186 [info] [main] Using git "2.50.1" from "git"
2025-07-27 01:40:32.186 [info] [Model][doInitialScan] Initial repository scan started
2025-07-27 01:40:32.186 [info] > git rev-parse --show-toplevel [16ms]
2025-07-27 01:40:32.186 [info] fatal: not a git repository (or any parent up to mount point /)
Stopping at filesystem boundary (GIT_DISCOVERY_ACROSS_FILESYSTEM not set).
2025-07-27 01:40:32.186 [info] > git rev-parse --show-toplevel [3ms]
2025-07-27 01:40:32.186 [info] fatal: not a git repository (or any parent up to mount point /)
Stopping at filesystem boundary (GIT_DISCOVERY_ACROSS_FILESYSTEM not set).
2025-07-27 01:40:32.186 [info] > git rev-parse --show-toplevel [1ms]
2025-07-27 01:40:32.186 [info] fatal: not a git repository (or any parent up to mount point /)
Stopping at filesystem boundary (GIT_DISCOVERY_ACROSS_FILESYSTEM not set).
2025-07-27 01:40:32.186 [info] > git rev-parse --show-toplevel [1ms]
2025-07-27 01:40:32.186 [info] fatal: not a git repository (or any parent up to mount point /)
Stopping at filesystem boundary (GIT_DISCOVERY_ACROSS_FILESYSTEM not set).
2025-07-27 01:40:32.186 [info] > git rev-parse --show-toplevel [1ms]
2025-07-27 01:40:32.186 [info] fatal: not a git repository (or any parent up to mount point /)
Stopping at filesystem boundary (GIT_DISCOVERY_ACROSS_FILESYSTEM not set).
2025-07-27 01:40:32.186 [info] > git rev-parse --show-toplevel [2ms]
2025-07-27 01:40:32.186 [info] fatal: not a git repository (or any parent up to mount point /)
Stopping at filesystem boundary (GIT_DISCOVERY_ACROSS_FILESYSTEM not set).
2025-07-27 01:40:32.186 [info] > git rev-parse --show-toplevel [1ms]
2025-07-27 01:40:32.186 [info] fatal: not a git repository (or any parent up to mount point /)
Stopping at filesystem boundary (GIT_DISCOVERY_ACROSS_FILESYSTEM not set).
2025-07-27 01:40:32.186 [info] > git rev-parse --show-toplevel [1ms]
2025-07-27 01:40:32.186 [info] fatal: not a git repository (or any parent up to mount point /)
Stopping at filesystem boundary (GIT_DISCOVERY_ACROSS_FILESYSTEM not set).
2025-07-27 01:40:32.186 [info] > git rev-parse --show-toplevel [1ms]
2025-07-27 01:40:32.186 [info] fatal: not a git repository (or any parent up to mount point /)
Stopping at filesystem boundary (GIT_DISCOVERY_ACROSS_FILESYSTEM not set).
2025-07-27 01:40:32.186 [info] > git rev-parse --show-toplevel [2ms]
2025-07-27 01:40:32.186 [info] fatal: not a git repository (or any parent up to mount point /)
Stopping at filesystem boundary (GIT_DISCOVERY_ACROSS_FILESYSTEM not set).
2025-07-27 01:40:32.186 [info] > git rev-parse --show-toplevel [1ms]
2025-07-27 01:40:32.186 [info] fatal: not a git repository (or any parent up to mount point /)
Stopping at filesystem boundary (GIT_DISCOVERY_ACROSS_FILESYSTEM not set).
2025-07-27 01:40:32.186 [info] > git rev-parse --show-toplevel [1ms]
2025-07-27 01:40:32.186 [info] fatal: not a git repository (or any parent up to mount point /)
Stopping at filesystem boundary (GIT_DISCOVERY_ACROSS_FILESYSTEM not set).
2025-07-27 01:40:32.186 [info] > git rev-parse --show-toplevel [2ms]
2025-07-27 01:40:32.186 [info] fatal: not a git repository (or any parent up to mount point /)
Stopping at filesystem boundary (GIT_DISCOVERY_ACROSS_FILESYSTEM not set).
2025-07-27 01:40:32.186 [info] > git rev-parse --show-toplevel [1ms]
2025-07-27 01:40:32.186 [info] fatal: not a git repository (or any parent up to mount point /)
Stopping at filesystem boundary (GIT_DISCOVERY_ACROSS_FILESYSTEM not set).
2025-07-27 01:40:32.186 [info] > git rev-parse --show-toplevel [1ms]
2025-07-27 01:40:32.186 [info] fatal: not a git repository (or any parent up to mount point /)
Stopping at filesystem boundary (GIT_DISCOVERY_ACROSS_FILESYSTEM not set).
2025-07-27 01:40:32.186 [info] > git rev-parse --show-toplevel [1ms]
2025-07-27 01:40:32.186 [info] fatal: not a git repository (or any parent up to mount point /)
Stopping at filesystem boundary (GIT_DISCOVERY_ACROSS_FILESYSTEM not set).
2025-07-27 01:40:32.186 [info] > git rev-parse --show-toplevel [1ms]
2025-07-27 01:40:32.186 [info] fatal: not a git repository (or any parent up to mount point /)
Stopping at filesystem boundary (GIT_DISCOVERY_ACROSS_FILESYSTEM not set).
2025-07-27 01:40:32.186 [info] [Model][doInitialScan] Initial repository scan completed - repositories (0), closed repositories (0), parent repositories (0), unsafe repositories (0)
2025-07-27 01:40:33.825 [info] > git rev-parse --show-toplevel [4ms]
2025-07-27 01:40:33.826 [info] fatal: not a git repository (or any parent up to mount point /)
Stopping at filesystem boundary (GIT_DISCOVERY_ACROSS_FILESYSTEM not set).
2025-07-27 01:40:53.396 [info] > git rev-parse --show-toplevel [2ms]
2025-07-27 01:40:53.396 [info] fatal: not a git repository (or any parent up to mount point /)
Stopping at filesystem boundary (GIT_DISCOVERY_ACROSS_FILESYSTEM not set).
