2025-07-27 18:22:00.505 [info] [main] Log level: Info
2025-07-27 18:22:00.505 [info] [main] Validating found git in: "git"
2025-07-27 18:22:00.505 [info] [main] Using git "2.50.1" from "git"
2025-07-27 18:22:00.505 [info] [Model][doInitialScan] Initial repository scan started
2025-07-27 18:22:00.505 [info] > git rev-parse --show-toplevel [20ms]
2025-07-27 18:22:00.505 [info] fatal: not a git repository (or any parent up to mount point /)
Stopping at filesystem boundary (GIT_DISCOVERY_ACROSS_FILESYSTEM not set).
2025-07-27 18:22:00.505 [info] > git rev-parse --show-toplevel [3ms]
2025-07-27 18:22:00.505 [info] fatal: not a git repository (or any parent up to mount point /)
Stopping at filesystem boundary (GIT_DISCOVERY_ACROSS_FILESYSTEM not set).
2025-07-27 18:22:00.505 [info] > git rev-parse --show-toplevel [2ms]
2025-07-27 18:22:00.505 [info] fatal: not a git repository (or any parent up to mount point /)
Stopping at filesystem boundary (GIT_DISCOVERY_ACROSS_FILESYSTEM not set).
2025-07-27 18:22:00.505 [info] > git rev-parse --show-toplevel [2ms]
2025-07-27 18:22:00.505 [info] fatal: not a git repository (or any parent up to mount point /)
Stopping at filesystem boundary (GIT_DISCOVERY_ACROSS_FILESYSTEM not set).
2025-07-27 18:22:00.505 [info] > git rev-parse --show-toplevel [2ms]
2025-07-27 18:22:00.505 [info] fatal: not a git repository (or any parent up to mount point /)
Stopping at filesystem boundary (GIT_DISCOVERY_ACROSS_FILESYSTEM not set).
2025-07-27 18:22:00.505 [info] > git rev-parse --show-toplevel [1ms]
2025-07-27 18:22:00.505 [info] fatal: not a git repository (or any parent up to mount point /)
Stopping at filesystem boundary (GIT_DISCOVERY_ACROSS_FILESYSTEM not set).
2025-07-27 18:22:00.505 [info] > git rev-parse --show-toplevel [1ms]
2025-07-27 18:22:00.505 [info] fatal: not a git repository (or any parent up to mount point /)
Stopping at filesystem boundary (GIT_DISCOVERY_ACROSS_FILESYSTEM not set).
2025-07-27 18:22:00.505 [info] > git rev-parse --show-toplevel [1ms]
2025-07-27 18:22:00.505 [info] fatal: not a git repository (or any parent up to mount point /)
Stopping at filesystem boundary (GIT_DISCOVERY_ACROSS_FILESYSTEM not set).
2025-07-27 18:22:00.505 [info] > git rev-parse --show-toplevel [1ms]
2025-07-27 18:22:00.505 [info] fatal: not a git repository (or any parent up to mount point /)
Stopping at filesystem boundary (GIT_DISCOVERY_ACROSS_FILESYSTEM not set).
2025-07-27 18:22:00.505 [info] > git rev-parse --show-toplevel [8ms]
2025-07-27 18:22:00.505 [info] fatal: not a git repository (or any parent up to mount point /)
Stopping at filesystem boundary (GIT_DISCOVERY_ACROSS_FILESYSTEM not set).
2025-07-27 18:22:00.505 [info] > git rev-parse --show-toplevel [2ms]
2025-07-27 18:22:00.505 [info] fatal: not a git repository (or any parent up to mount point /)
Stopping at filesystem boundary (GIT_DISCOVERY_ACROSS_FILESYSTEM not set).
2025-07-27 18:22:00.505 [info] > git rev-parse --show-toplevel [1ms]
2025-07-27 18:22:00.505 [info] fatal: not a git repository (or any parent up to mount point /)
Stopping at filesystem boundary (GIT_DISCOVERY_ACROSS_FILESYSTEM not set).
2025-07-27 18:22:00.521 [info] > git rev-parse --show-toplevel [11ms]
2025-07-27 18:22:00.521 [info] fatal: not a git repository (or any parent up to mount point /)
Stopping at filesystem boundary (GIT_DISCOVERY_ACROSS_FILESYSTEM not set).
2025-07-27 18:22:00.529 [info] > git rev-parse --show-toplevel [2ms]
2025-07-27 18:22:00.529 [info] fatal: not a git repository (or any parent up to mount point /)
Stopping at filesystem boundary (GIT_DISCOVERY_ACROSS_FILESYSTEM not set).
2025-07-27 18:22:00.568 [info] > git rev-parse --show-toplevel [34ms]
2025-07-27 18:22:00.568 [info] fatal: not a git repository (or any parent up to mount point /)
Stopping at filesystem boundary (GIT_DISCOVERY_ACROSS_FILESYSTEM not set).
2025-07-27 18:22:00.576 [info] > git rev-parse --show-toplevel [1ms]
2025-07-27 18:22:00.576 [info] fatal: not a git repository (or any parent up to mount point /)
Stopping at filesystem boundary (GIT_DISCOVERY_ACROSS_FILESYSTEM not set).
2025-07-27 18:22:00.588 [info] > git rev-parse --show-toplevel [6ms]
2025-07-27 18:22:00.588 [info] fatal: not a git repository (or any parent up to mount point /)
Stopping at filesystem boundary (GIT_DISCOVERY_ACROSS_FILESYSTEM not set).
2025-07-27 18:22:00.595 [info] > git rev-parse --show-toplevel [1ms]
2025-07-27 18:22:00.595 [info] fatal: not a git repository (or any parent up to mount point /)
Stopping at filesystem boundary (GIT_DISCOVERY_ACROSS_FILESYSTEM not set).
2025-07-27 18:22:00.601 [info] > git rev-parse --show-toplevel [2ms]
2025-07-27 18:22:00.601 [info] fatal: not a git repository (or any parent up to mount point /)
Stopping at filesystem boundary (GIT_DISCOVERY_ACROSS_FILESYSTEM not set).
2025-07-27 18:22:00.601 [info] [Model][doInitialScan] Initial repository scan completed - repositories (0), closed repositories (0), parent repositories (0), unsafe repositories (0)
2025-07-27 18:22:00.636 [info] > git rev-parse --show-toplevel [1ms]
2025-07-27 18:22:00.636 [info] fatal: not a git repository (or any parent up to mount point /)
Stopping at filesystem boundary (GIT_DISCOVERY_ACROSS_FILESYSTEM not set).
2025-07-27 18:22:01.760 [info] > git rev-parse --show-toplevel [2ms]
2025-07-27 18:22:01.761 [info] fatal: not a git repository (or any parent up to mount point /)
Stopping at filesystem boundary (GIT_DISCOVERY_ACROSS_FILESYSTEM not set).
2025-07-27 18:22:04.599 [info] > git rev-parse --show-toplevel [3ms]
2025-07-27 18:22:04.599 [info] fatal: not a git repository (or any parent up to mount point /)
Stopping at filesystem boundary (GIT_DISCOVERY_ACROSS_FILESYSTEM not set).
2025-07-27 18:31:15.032 [info] > git rev-parse --show-toplevel [3ms]
2025-07-27 18:31:15.032 [info] fatal: not a git repository (or any parent up to mount point /)
Stopping at filesystem boundary (GIT_DISCOVERY_ACROSS_FILESYSTEM not set).
2025-07-27 18:53:15.986 [info] > git rev-parse --show-toplevel [2ms]
2025-07-27 18:53:15.986 [info] fatal: not a git repository (or any parent up to mount point /)
Stopping at filesystem boundary (GIT_DISCOVERY_ACROSS_FILESYSTEM not set).
2025-07-27 18:53:33.422 [info] > git rev-parse --show-toplevel [4ms]
2025-07-27 18:53:33.422 [info] fatal: not a git repository (or any parent up to mount point /)
Stopping at filesystem boundary (GIT_DISCOVERY_ACROSS_FILESYSTEM not set).
